# JRE version: OpenJDK Runtime Environment (8.0_152-b01) (build 1.8.0_152-release-1343-b01)
# Java VM: OpenJDK 64-Bit Server VM (25.152-b01 mixed mode windows-amd64 compressed oops)
Heap:
 PSYoungGen      total 345600K, used 67108K [0x00000000e0000000, 0x00000000f9700000, 0x0000000100000000)
  eden space 324096K, 20% used [0x00000000e0000000,0x00000000e41890d0,0x00000000f3c80000)
  from space 21504K, 0% used [0x00000000f5300000,0x00000000f5300000,0x00000000f6800000)
  to   space 23040K, 0% used [0x00000000f3c80000,0x00000000f3c80000,0x00000000f5300000)
 ParOldGen       total 118784K, used 31995K [0x00000000a0000000, 0x00000000a7400000, 0x00000000e0000000)
  object space 118784K, 26% used [0x00000000a0000000,0x00000000a1f3eda8,0x00000000a7400000)
 Metaspace       used 60845K, capacity 62656K, committed 62872K, reserved 1103872K
  class space    used 8299K, capacity 8738K, committed 8856K, reserved 1048576K
GC Heap History (10 events):
Event: 4.687 GC heap before
{Heap before GC invocations=7 (full 1):
 PSYoungGen      total 138240K, used 56606K [0x00000000e0000000, 0x00000000efa00000, 0x0000000100000000)
  eden space 133120K, 38% used [0x00000000e0000000,0x00000000e324b9f8,0x00000000e8200000)
  from space 5120K, 99% used [0x00000000e8200000,0x00000000e86fc010,0x00000000e8700000)
  to   space 16384K, 0% used [0x00000000eea00000,0x00000000eea00000,0x00000000efa00000)
 ParOldGen       total 61440K, used 19383K [0x00000000a0000000, 0x00000000a3c00000, 0x00000000e0000000)
  object space 61440K, 31% used [0x00000000a0000000,0x00000000a12ede80,0x00000000a3c00000)
 Metaspace       used 34711K, capacity 35480K, committed 35496K, reserved 1079296K
  class space    used 4799K, capacity 5016K, committed 5032K, reserved 1048576K
Event: 4.708 GC heap after
Heap after GC invocations=7 (full 1):
 PSYoungGen      total 230400K, used 9976K [0x00000000e0000000, 0x00000000ef500000, 0x0000000100000000)
  eden space 219136K, 0% used [0x00000000e0000000,0x00000000e0000000,0x00000000ed600000)
  from space 11264K, 88% used [0x00000000eea00000,0x00000000ef3be128,0x00000000ef500000)
  to   space 15872K, 0% used [0x00000000ed600000,0x00000000ed600000,0x00000000ee580000)
 ParOldGen       total 61440K, used 19391K [0x00000000a0000000, 0x00000000a3c00000, 0x00000000e0000000)
  object space 61440K, 31% used [0x00000000a0000000,0x00000000a12efe80,0x00000000a3c00000)
 Metaspace       used 34711K, capacity 35480K, committed 35496K, reserved 1079296K
  class space    used 4799K, capacity 5016K, committed 5032K, reserved 1048576K
}
Event: 4.708 GC heap before
{Heap before GC invocations=8 (full 2):
 PSYoungGen      total 230400K, used 9976K [0x00000000e0000000, 0x00000000ef500000, 0x0000000100000000)
  eden space 219136K, 0% used [0x00000000e0000000,0x00000000e0000000,0x00000000ed600000)
  from space 11264K, 88% used [0x00000000eea00000,0x00000000ef3be128,0x00000000ef500000)
  to   space 15872K, 0% used [0x00000000ed600000,0x00000000ed600000,0x00000000ee580000)
 ParOldGen       total 61440K, used 19391K [0x00000000a0000000, 0x00000000a3c00000, 0x00000000e0000000)
  object space 61440K, 31% used [0x00000000a0000000,0x00000000a12efe80,0x00000000a3c00000)
 Metaspace       used 34711K, capacity 35480K, committed 35496K, reserved 1079296K
  class space    used 4799K, capacity 5016K, committed 5032K, reserved 1048576K
Event: 4.800 GC heap after
Heap after GC invocations=8 (full 2):
 PSYoungGen      total 230400K, used 0K [0x00000000e0000000, 0x00000000ef500000, 0x0000000100000000)
  eden space 219136K, 0% used [0x00000000e0000000,0x00000000e0000000,0x00000000ed600000)
  from space 11264K, 0% used [0x00000000eea00000,0x00000000eea00000,0x00000000ef500000)
  to   space 15872K, 0% used [0x00000000ed600000,0x00000000ed600000,0x00000000ee580000)
 ParOldGen       total 93696K, used 20226K [0x00000000a0000000, 0x00000000a5b80000, 0x00000000e0000000)
  object space 93696K, 21% used [0x00000000a0000000,0x00000000a13c08b8,0x00000000a5b80000)
 Metaspace       used 34692K, capacity 35420K, committed 35496K, reserved 1079296K
  class space    used 4793K, capacity 5006K, committed 5032K, reserved 1048576K
}
Event: 6.624 GC heap before
{Heap before GC invocations=9 (full 2):
 PSYoungGen      total 230400K, used 219136K [0x00000000e0000000, 0x00000000ef500000, 0x0000000100000000)
  eden space 219136K, 100% used [0x00000000e0000000,0x00000000ed600000,0x00000000ed600000)
  from space 11264K, 0% used [0x00000000eea00000,0x00000000eea00000,0x00000000ef500000)
  to   space 15872K, 0% used [0x00000000ed600000,0x00000000ed600000,0x00000000ee580000)
 ParOldGen       total 93696K, used 20226K [0x00000000a0000000, 0x00000000a5b80000, 0x00000000e0000000)
  object space 93696K, 21% used [0x00000000a0000000,0x00000000a13c08b8,0x00000000a5b80000)
 Metaspace       used 52387K, capacity 53664K, committed 53800K, reserved 1095680K
  class space    used 7003K, capacity 7352K, committed 7464K, reserved 1048576K
Event: 6.637 GC heap after
Heap after GC invocations=9 (full 2):
 PSYoungGen      total 235008K, used 15867K [0x00000000e0000000, 0x00000000f6800000, 0x0000000100000000)
  eden space 219136K, 0% used [0x00000000e0000000,0x00000000e0000000,0x00000000ed600000)
  from space 15872K, 99% used [0x00000000ed600000,0x00000000ee57ec98,0x00000000ee580000)
  to   space 21504K, 0% used [0x00000000f5300000,0x00000000f5300000,0x00000000f6800000)
 ParOldGen       total 93696K, used 26336K [0x00000000a0000000, 0x00000000a5b80000, 0x00000000e0000000)
  object space 93696K, 28% used [0x00000000a0000000,0x00000000a19b8028,0x00000000a5b80000)
 Metaspace       used 52387K, capacity 53664K, committed 53800K, reserved 1095680K
  class space    used 7003K, capacity 7352K, committed 7464K, reserved 1048576K
}
Event: 7.560 GC heap before
{Heap before GC invocations=10 (full 2):
 PSYoungGen      total 235008K, used 84358K [0x00000000e0000000, 0x00000000f6800000, 0x0000000100000000)
  eden space 219136K, 31% used [0x00000000e0000000,0x00000000e42e2e30,0x00000000ed600000)
  from space 15872K, 99% used [0x00000000ed600000,0x00000000ee57ec98,0x00000000ee580000)
  to   space 21504K, 0% used [0x00000000f5300000,0x00000000f5300000,0x00000000f6800000)
 ParOldGen       total 93696K, used 26336K [0x00000000a0000000, 0x00000000a5b80000, 0x00000000e0000000)
  object space 93696K, 28% used [0x00000000a0000000,0x00000000a19b8028,0x00000000a5b80000)
 Metaspace       used 57543K, capacity 59100K, committed 59160K, reserved 1099776K
  class space    used 7770K, capacity 8163K, committed 8216K, reserved 1048576K
Event: 7.754 GC heap after
Heap after GC invocations=10 (full 2):
 PSYoungGen      total 345600K, used 17172K [0x00000000e0000000, 0x00000000f9700000, 0x0000000100000000)
  eden space 324096K, 0% used [0x00000000e0000000,0x00000000e0000000,0x00000000f3c80000)
  from space 21504K, 79% used [0x00000000f5300000,0x00000000f63c51a8,0x00000000f6800000)
  to   space 23040K, 0% used [0x00000000f3c80000,0x00000000f3c80000,0x00000000f5300000)
 ParOldGen       total 93696K, used 26344K [0x00000000a0000000, 0x00000000a5b80000, 0x00000000e0000000)
  object space 93696K, 28% used [0x00000000a0000000,0x00000000a19ba028,0x00000000a5b80000)
 Metaspace       used 57543K, capacity 59100K, committed 59160K, reserved 1099776K
  class space    used 7770K, capacity 8163K, committed 8216K, reserved 1048576K
}
Event: 7.754 GC heap before
{Heap before GC invocations=11 (full 3):
 PSYoungGen      total 345600K, used 17172K [0x00000000e0000000, 0x00000000f9700000, 0x0000000100000000)
  eden space 324096K, 0% used [0x00000000e0000000,0x00000000e0000000,0x00000000f3c80000)
  from space 21504K, 79% used [0x00000000f5300000,0x00000000f63c51a8,0x00000000f6800000)
  to   space 23040K, 0% used [0x00000000f3c80000,0x00000000f3c80000,0x00000000f5300000)
 ParOldGen       total 93696K, used 26344K [0x00000000a0000000, 0x00000000a5b80000, 0x00000000e0000000)
  object space 93696K, 28% used [0x00000000a0000000,0x00000000a19ba028,0x00000000a5b80000)
 Metaspace       used 57543K, capacity 59100K, committed 59160K, reserved 1099776K
  class space    used 7770K, capacity 8163K, committed 8216K, reserved 1048576K
Event: 7.876 GC heap after
Heap after GC invocations=11 (full 3):
 PSYoungGen      total 345600K, used 0K [0x00000000e0000000, 0x00000000f9700000, 0x0000000100000000)
  eden space 324096K, 0% used [0x00000000e0000000,0x00000000e0000000,0x00000000f3c80000)
  from space 21504K, 0% used [0x00000000f5300000,0x00000000f5300000,0x00000000f6800000)
  to   space 23040K, 0% used [0x00000000f3c80000,0x00000000f3c80000,0x00000000f5300000)
 ParOldGen       total 118784K, used 31995K [0x00000000a0000000, 0x00000000a7400000, 0x00000000e0000000)
  object space 118784K, 26% used [0x00000000a0000000,0x00000000a1f3eda8,0x00000000a7400000)
 Metaspace       used 57543K, capacity 59100K, committed 59160K, reserved 1099776K
  class space    used 7770K, capacity 8163K, committed 8216K, reserved 1048576K
}

