# JRE version: OpenJDK Runtime Environment (8.0_152-b01) (build 1.8.0_152-release-1343-b01)
# Java VM: OpenJDK 64-Bit Server VM (25.152-b01 mixed mode windows-amd64 compressed oops)
Heap:
 PSYoungGen      total 475648K, used 335146K [0x00000000e0000000, 0x0000000100000000, 0x0000000100000000)
  eden space 448512K, 68% used [0x00000000e0000000,0x00000000f2cd0958,0x00000000fb600000)
  from space 27136K, 99% used [0x00000000fe580000,0x00000000ffffa188,0x0000000100000000)
  to   space 37888K, 0% used [0x00000000fb600000,0x00000000fb600000,0x00000000fdb00000)
 ParOldGen       total 187904K, used 69531K [0x00000000a0000000, 0x00000000ab780000, 0x00000000e0000000)
  object space 187904K, 37% used [0x00000000a0000000,0x00000000a43e6e48,0x00000000ab780000)
 Metaspace       used 123298K, capacity 130460K, committed 130728K, reserved 1163264K
  class space    used 15696K, capacity 16947K, committed 17064K, reserved 1048576K
GC Heap History (10 events):
Event: 70.150 GC heap before
{Heap before GC invocations=20 (full 3):
 PSYoungGen      total 490496K, used 479174K [0x00000000e0000000, 0x00000000ffc00000, 0x0000000100000000)
  eden space 465920K, 100% used [0x00000000e0000000,0x00000000fc700000,0x00000000fc700000)
  from space 24576K, 53% used [0x00000000fe400000,0x00000000ff0f19d0,0x00000000ffc00000)
  to   space 27136K, 0% used [0x00000000fc700000,0x00000000fc700000,0x00000000fe180000)
 ParOldGen       total 122880K, used 67342K [0x00000000a0000000, 0x00000000a7800000, 0x00000000e0000000)
  object space 122880K, 54% used [0x00000000a0000000,0x00000000a41c3be0,0x00000000a7800000)
 Metaspace       used 86568K, capacity 91312K, committed 91432K, reserved 1128448K
  class space    used 11151K, capacity 12038K, committed 12072K, reserved 1048576K
Event: 70.185 GC heap after
Heap after GC invocations=20 (full 3):
 PSYoungGen      total 493056K, used 17732K [0x00000000e0000000, 0x0000000100000000, 0x0000000100000000)
  eden space 465920K, 0% used [0x00000000e0000000,0x00000000e0000000,0x00000000fc700000)
  from space 27136K, 65% used [0x00000000fc700000,0x00000000fd851240,0x00000000fe180000)
  to   space 27136K, 0% used [0x00000000fe580000,0x00000000fe580000,0x0000000100000000)
 ParOldGen       total 122880K, used 67350K [0x00000000a0000000, 0x00000000a7800000, 0x00000000e0000000)
  object space 122880K, 54% used [0x00000000a0000000,0x00000000a41c5be0,0x00000000a7800000)
 Metaspace       used 86568K, capacity 91312K, committed 91432K, reserved 1128448K
  class space    used 11151K, capacity 12038K, committed 12072K, reserved 1048576K
}
Event: 668.096 GC heap before
{Heap before GC invocations=21 (full 3):
 PSYoungGen      total 493056K, used 152616K [0x00000000e0000000, 0x0000000100000000, 0x0000000100000000)
  eden space 465920K, 28% used [0x00000000e0000000,0x00000000e83b8f48,0x00000000fc700000)
  from space 27136K, 65% used [0x00000000fc700000,0x00000000fd851240,0x00000000fe180000)
  to   space 27136K, 0% used [0x00000000fe580000,0x00000000fe580000,0x0000000100000000)
 ParOldGen       total 122880K, used 67350K [0x00000000a0000000, 0x00000000a7800000, 0x00000000e0000000)
  object space 122880K, 54% used [0x00000000a0000000,0x00000000a41c5be0,0x00000000a7800000)
 Metaspace       used 93437K, capacity 98492K, committed 98600K, reserved 1134592K
  class space    used 11989K, capacity 12906K, committed 12968K, reserved 1048576K
Event: 668.106 GC heap after
Heap after GC invocations=21 (full 3):
 PSYoungGen      total 497152K, used 17711K [0x00000000e0000000, 0x0000000100000000, 0x0000000100000000)
  eden space 470016K, 0% used [0x00000000e0000000,0x00000000e0000000,0x00000000fcb00000)
  from space 27136K, 65% used [0x00000000fe580000,0x00000000ff6cbf78,0x0000000100000000)
  to   space 27136K, 0% used [0x00000000fcb00000,0x00000000fcb00000,0x00000000fe580000)
 ParOldGen       total 122880K, used 67358K [0x00000000a0000000, 0x00000000a7800000, 0x00000000e0000000)
  object space 122880K, 54% used [0x00000000a0000000,0x00000000a41c7be0,0x00000000a7800000)
 Metaspace       used 93437K, capacity 98492K, committed 98600K, reserved 1134592K
  class space    used 11989K, capacity 12906K, committed 12968K, reserved 1048576K
}
Event: 668.106 GC heap before
{Heap before GC invocations=22 (full 4):
 PSYoungGen      total 497152K, used 17711K [0x00000000e0000000, 0x0000000100000000, 0x0000000100000000)
  eden space 470016K, 0% used [0x00000000e0000000,0x00000000e0000000,0x00000000fcb00000)
  from space 27136K, 65% used [0x00000000fe580000,0x00000000ff6cbf78,0x0000000100000000)
  to   space 27136K, 0% used [0x00000000fcb00000,0x00000000fcb00000,0x00000000fe580000)
 ParOldGen       total 122880K, used 67358K [0x00000000a0000000, 0x00000000a7800000, 0x00000000e0000000)
  object space 122880K, 54% used [0x00000000a0000000,0x00000000a41c7be0,0x00000000a7800000)
 Metaspace       used 93437K, capacity 98492K, committed 98600K, reserved 1134592K
  class space    used 11989K, capacity 12906K, committed 12968K, reserved 1048576K
Event: 668.250 GC heap after
Heap after GC invocations=22 (full 4):
 PSYoungGen      total 497152K, used 0K [0x00000000e0000000, 0x0000000100000000, 0x0000000100000000)
  eden space 470016K, 0% used [0x00000000e0000000,0x00000000e0000000,0x00000000fcb00000)
  from space 27136K, 0% used [0x00000000fe580000,0x00000000fe580000,0x0000000100000000)
  to   space 27136K, 0% used [0x00000000fcb00000,0x00000000fcb00000,0x00000000fe580000)
 ParOldGen       total 187904K, used 56661K [0x00000000a0000000, 0x00000000ab780000, 0x00000000e0000000)
  object space 187904K, 30% used [0x00000000a0000000,0x00000000a37555c0,0x00000000ab780000)
 Metaspace       used 92911K, capacity 97090K, committed 98600K, reserved 1134592K
  class space    used 11806K, capacity 12589K, committed 12968K, reserved 1048576K
}
Event: 699.550 GC heap before
{Heap before GC invocations=23 (full 4):
 PSYoungGen      total 497152K, used 470016K [0x00000000e0000000, 0x0000000100000000, 0x0000000100000000)
  eden space 470016K, 100% used [0x00000000e0000000,0x00000000fcb00000,0x00000000fcb00000)
  from space 27136K, 0% used [0x00000000fe580000,0x00000000fe580000,0x0000000100000000)
  to   space 27136K, 0% used [0x00000000fcb00000,0x00000000fcb00000,0x00000000fe580000)
 ParOldGen       total 187904K, used 56661K [0x00000000a0000000, 0x00000000ab780000, 0x00000000e0000000)
  object space 187904K, 30% used [0x00000000a0000000,0x00000000a37555c0,0x00000000ab780000)
 Metaspace       used 105293K, capacity 110470K, committed 110632K, reserved 1144832K
  class space    used 13398K, capacity 14346K, committed 14376K, reserved 1048576K
Event: 699.568 GC heap after
Heap after GC invocations=23 (full 4):
 PSYoungGen      total 497152K, used 27105K [0x00000000e0000000, 0x0000000100000000, 0x0000000100000000)
  eden space 470016K, 0% used [0x00000000e0000000,0x00000000e0000000,0x00000000fcb00000)
  from space 27136K, 99% used [0x00000000fcb00000,0x00000000fe578418,0x00000000fe580000)
  to   space 27136K, 0% used [0x00000000fe580000,0x00000000fe580000,0x0000000100000000)
 ParOldGen       total 187904K, used 63216K [0x00000000a0000000, 0x00000000ab780000, 0x00000000e0000000)
  object space 187904K, 33% used [0x00000000a0000000,0x00000000a3dbc2e0,0x00000000ab780000)
 Metaspace       used 105293K, capacity 110470K, committed 110632K, reserved 1144832K
  class space    used 13398K, capacity 14346K, committed 14376K, reserved 1048576K
}
Event: 1102.381 GC heap before
{Heap before GC invocations=24 (full 4):
 PSYoungGen      total 497152K, used 497121K [0x00000000e0000000, 0x0000000100000000, 0x0000000100000000)
  eden space 470016K, 100% used [0x00000000e0000000,0x00000000fcb00000,0x00000000fcb00000)
  from space 27136K, 99% used [0x00000000fcb00000,0x00000000fe578418,0x00000000fe580000)
  to   space 27136K, 0% used [0x00000000fe580000,0x00000000fe580000,0x0000000100000000)
 ParOldGen       total 187904K, used 63216K [0x00000000a0000000, 0x00000000ab780000, 0x00000000e0000000)
  object space 187904K, 33% used [0x00000000a0000000,0x00000000a3dbc2e0,0x00000000ab780000)
 Metaspace       used 113745K, capacity 119482K, committed 119720K, reserved 1153024K
  class space    used 14394K, capacity 15448K, committed 15528K, reserved 1048576K
Event: 1102.409 GC heap after
Heap after GC invocations=24 (full 4):
 PSYoungGen      total 475648K, used 27112K [0x00000000e0000000, 0x0000000100000000, 0x0000000100000000)
  eden space 448512K, 0% used [0x00000000e0000000,0x00000000e0000000,0x00000000fb600000)
  from space 27136K, 99% used [0x00000000fe580000,0x00000000ffffa188,0x0000000100000000)
  to   space 37888K, 0% used [0x00000000fb600000,0x00000000fb600000,0x00000000fdb00000)
 ParOldGen       total 187904K, used 69531K [0x00000000a0000000, 0x00000000ab780000, 0x00000000e0000000)
  object space 187904K, 37% used [0x00000000a0000000,0x00000000a43e6e48,0x00000000ab780000)
 Metaspace       used 113745K, capacity 119482K, committed 119720K, reserved 1153024K
  class space    used 14394K, capacity 15448K, committed 15528K, reserved 1048576K
}

